\BOOKMARK [0][-]{section*.1}{Acknowledgements}{}% 1
\BOOKMARK [0][-]{chapter.1}{Introduction}{}% 2
\BOOKMARK [1][-]{section.1.1}{Motivation}{chapter.1}% 3
\BOOKMARK [0][-]{chapter.2}{Literature Review}{}% 4
\BOOKMARK [1][-]{section.2.1}{Background and Recent Work}{chapter.2}% 5
\BOOKMARK [2][-]{subsection.2.1.1}{Real-Time Emotion Detection using RPi2}{section.2.1}% 6
\BOOKMARK [2][-]{subsection.2.1.2}{Image Processing on RPi in Matlab}{section.2.1}% 7
\BOOKMARK [2][-]{subsection.2.1.3}{Real-Time Face Recognition using RPi2}{section.2.1}% 8
\BOOKMARK [2][-]{subsection.2.1.4}{Robust Real-Time Face Detection}{section.2.1}% 9
\BOOKMARK [1][-]{section.2.2}{Outcomes of Literature Review}{chapter.2}% 10
\BOOKMARK [1][-]{section.2.3}{Problem Statement}{chapter.2}% 11
\BOOKMARK [1][-]{section.2.4}{Research Objectives}{chapter.2}% 12
\BOOKMARK [0][-]{chapter.3}{Methodology}{}% 13
\BOOKMARK [1][-]{section.3.1}{System Architecture}{chapter.3}% 14
\BOOKMARK [1][-]{section.3.2}{Methodology}{chapter.3}% 15
\BOOKMARK [2][-]{subsection.3.2.1}{Input}{section.3.2}% 16
\BOOKMARK [2][-]{subsection.3.2.2}{RPi3 Processing}{section.3.2}% 17
\BOOKMARK [2][-]{subsection.3.2.3}{Image Processing}{section.3.2}% 18
\BOOKMARK [2][-]{subsection.3.2.4}{Feature Extraction}{section.3.2}% 19
\BOOKMARK [2][-]{subsection.3.2.5}{Classification}{section.3.2}% 20
\BOOKMARK [2][-]{subsection.3.2.6}{Quad-Pi Parallelization}{section.3.2}% 21
\BOOKMARK [0][-]{chapter.4}{Work Done}{}% 22
\BOOKMARK [1][-]{section.4.1}{Experimental Framework}{chapter.4}% 23
\BOOKMARK [1][-]{section.4.2}{Work Done \(Mid-March 2018\)}{chapter.4}% 24
\BOOKMARK [2][-]{subsection.4.2.1}{Capturing Input via Webcam \(Linux\)}{section.4.2}% 25
\BOOKMARK [2][-]{subsection.4.2.2}{Preprocessing the Image \(RPi\): Facial Region Extraction}{section.4.2}% 26
\BOOKMARK [2][-]{subsection.4.2.3}{Preprocessing the Image \(RPi\): Sobel Filter}{section.4.2}% 27
\BOOKMARK [1][-]{section.4.3}{Results and Discussion}{chapter.4}% 28
\BOOKMARK [2][-]{subsection.4.3.1}{Capturing on Linux}{section.4.3}% 29
\BOOKMARK [2][-]{subsection.4.3.2}{Viola-Jones on RPi3}{section.4.3}% 30
\BOOKMARK [2][-]{subsection.4.3.3}{Image Processing on RPi3}{section.4.3}% 31
\BOOKMARK [1][-]{section.4.4}{Individual Contributions}{chapter.4}% 32
\BOOKMARK [0][-]{chapter.5}{Conclusion and Future Work}{}% 33
\BOOKMARK [1][-]{section.5.1}{Proposed Work Plan of the project}{chapter.5}% 34
\BOOKMARK [0][-]{section*.6}{References}{}% 35
